<?xml version="1.0" encoding="UTF-8"?>
<testsuites name="jest tests" tests="41" failures="0" errors="0" time="9.087">
  <testsuite name="Payroll Engine" errors="0" failures="0" skipped="0" timestamp="2026-04-18T09:28:47" time="8.781" tests="41">
    <testcase classname="payroll.engine — RT-DEV-153 verification matrix (§6)" name="Sal for Calc = 38200" time="0.001">
    </testcase>
    <testcase classname="payroll.engine — RT-DEV-153 verification matrix (§6)" name="Basic = 19100 (actual + payable)" time="0.001">
    </testcase>
    <testcase classname="payroll.engine — RT-DEV-153 verification matrix (§6)" name="HRA = 7640" time="0">
    </testcase>
    <testcase classname="payroll.engine — RT-DEV-153 verification matrix (§6)" name="SP. Allowances = 5730" time="0">
    </testcase>
    <testcase classname="payroll.engine — RT-DEV-153 verification matrix (§6)" name="Conveyance = 2674" time="0">
    </testcase>
    <testcase classname="payroll.engine — RT-DEV-153 verification matrix (§6)" name="LTC = 1910" time="0">
    </testcase>
    <testcase classname="payroll.engine — RT-DEV-153 verification matrix (§6)" name="RE. Medical = 764" time="0">
    </testcase>
    <testcase classname="payroll.engine — RT-DEV-153 verification matrix (§6)" name="Education = 382" time="0">
    </testcase>
    <testcase classname="payroll.engine — RT-DEV-153 verification matrix (§6)" name="Fix Variable = 5000" time="0.001">
    </testcase>
    <testcase classname="payroll.engine — RT-DEV-153 verification matrix (§6)" name="OT = 0" time="0">
    </testcase>
    <testcase classname="payroll.engine — RT-DEV-153 verification matrix (§6)" name="Total Earnings = 43200" time="0">
    </testcase>
    <testcase classname="payroll.engine — RT-DEV-153 verification matrix (§6)" name="Employee PF = 1800 (basic &gt;= 15000)" time="0">
    </testcase>
    <testcase classname="payroll.engine — RT-DEV-153 verification matrix (§6)" name="ESIC = 0 (inactive)" time="0">
    </testcase>
    <testcase classname="payroll.engine — RT-DEV-153 verification matrix (§6)" name="PT = 200" time="0">
    </testcase>
    <testcase classname="payroll.engine — RT-DEV-153 verification matrix (§6)" name="Total Deductions = 2000 (PF 1800 + PT 200; ESIC excluded)" time="0">
    </testcase>
    <testcase classname="payroll.engine — RT-DEV-153 verification matrix (§6)" name="Net Payable = 41200" time="0">
    </testcase>
    <testcase classname="payroll.engine — RT-DEV-153 verification matrix (§6)" name="CTC = 45000 (gross + employer PF + incentive)" time="0">
    </testcase>
    <testcase classname="payroll.engine — RT-DEV-153 verification matrix (§6)" name="CTC As Per IT = 43200 (gross + incentive, excludes employer PF per D6)" time="0">
    </testcase>
    <testcase classname="payroll.engine — RT-DEV-153 verification matrix (§6)" name="Present Days = 30 (no LWP)" time="0">
    </testcase>
    <testcase classname="payroll.engine — Sample Salary Sheet employees" name="PQR: basic 33908 &gt;= 15000 → PF 1800, CTC = 67815 + 1800 + 15000 = 84615" time="0.001">
    </testcase>
    <testcase classname="payroll.engine — Sample Salary Sheet employees" name="HSBC: basic 12500 &lt; 15000 → PF round(12500*0.12) = 1500; CTC 25000+1500+3500 = 30000" time="0">
    </testcase>
    <testcase classname="payroll.engine — Sample Salary Sheet employees" name="Reliance: basic 12000 &lt; 15000 → PF round(12000*0.12) = 1440" time="0">
    </testcase>
    <testcase classname="payroll.engine — Sample Salary Sheet employees" name="ABC (PF-exempt): both Employee PF and Employer PF = 0; CTC = gross + 0 + incentive" time="0.001">
    </testcase>
    <testcase classname="payroll.engine — LWP scenarios" name="2 LWP days: SFC = 35653.33, payable components scale, actual stays" time="0">
    </testcase>
    <testcase classname="payroll.engine — LWP scenarios" name="LWP = 30 (full absence, D24): SFC = 0, all components payable = 0, PF still 1800, net = 0" time="0.001">
    </testcase>
    <testcase classname="payroll.engine — LWP scenarios" name="LWP &gt; 30 caps at 30 with warning" time="0">
    </testcase>
    <testcase classname="payroll.engine — LWP scenarios" name="Incentive NOT prorated for LWP (D25): 5 LWP days + 5000 incentive → incentive stays 5000" time="0.001">
    </testcase>
    <testcase classname="payroll.engine — Overtime" name="5 OT hours on gross 38200: perHour ≈ 141.48, rate ≈ 212.22, pay ≈ 1061.11" time="0">
    </testcase>
    <testcase classname="payroll.engine — Overtime" name="Fractional OT hours (4.5h) supported" time="0">
    </testcase>
    <testcase classname="payroll.engine — ESIC scaffolding" name="When inactive + gross &lt; 21000: ESIC stored but not applied" time="0.001">
    </testcase>
    <testcase classname="payroll.engine — ESIC scaffolding" name="When active + gross &lt; 21000: ESIC applied" time="0">
    </testcase>
    <testcase classname="payroll.engine — ESIC scaffolding" name="When active + gross &gt;= 21000: ESIC NOT applied (above threshold)" time="0">
    </testcase>
    <testcase classname="payroll.engine — Rounding invariants (D23)" name="sum(7 payable) == sal_for_calc exactly (EDUCATION absorbs remainder)" time="0.001">
    </testcase>
    <testcase classname="payroll.engine — Rounding invariants (D23)" name="sum(7 actual) == gross exactly (EDUCATION absorbs remainder)" time="0">
    </testcase>
    <testcase classname="payroll.engine — Invariants" name="net_payable is never negative" time="0">
    </testcase>
    <testcase classname="payroll.engine — Invariants" name="total_earnings - total_deductions == net_payable (unless clamped)" time="0">
    </testcase>
    <testcase classname="validateComponents" name="accepts the canonical 7-row seed" time="0">
    </testcase>
    <testcase classname="validateComponents" name="rejects when sum != 100" time="0">
    </testcase>
    <testcase classname="validateComponents" name="rejects when no component is is_pf_base" time="0.001">
    </testcase>
    <testcase classname="validateComponents" name="rejects when two components are is_pf_base" time="0">
    </testcase>
    <testcase classname="validateComponents" name="rejects when BASIC is missing" time="0">
    </testcase>
  </testsuite>
</testsuites>